{"name": "test_intentional_fail_for_screenshot", "status": "failed", "statusDetails": {"message": "AssertionError: Этот тест специально падает — смотрите красивый скриншот и видео!\nassert False", "trace": "driver = <selenium.webdriver.chrome.webdriver.WebDriver (session=\"98c32bf2a5461fc4cb3f0f3644fda30b\")>\n\n    @pytest.mark.flaky\n    def test_intentional_fail_for_screenshot(driver):\n        driver.get(BASE_URL)\n        LoginPage(driver).login(\"standard_user\", \"secret_sauce\")\n        InventoryPage(driver).is_page_opened()\n    \n        # Специально падаем — чтобы увидеть скриншот и видео в Allure\n>       assert False, \"Этот тест специально падает — смотрите красивый скриншот и видео!\"\nE       AssertionError: Этот тест специально падает — смотрите красивый скриншот и видео!\nE       assert False\n\ntests/test_saucedemo.py:55: AssertionError"}, "start": 1764705207616, "stop": 1764705208420, "uuid": "f1c08c00-949d-4657-b41a-07e31eddee71", "historyId": "94dcba852d1d961f53e59b72464558d2", "testCaseId": "94dcba852d1d961f53e59b72464558d2", "fullName": "tests.test_saucedemo#test_intentional_fail_for_screenshot", "labels": [{"name": "tag", "value": "flaky"}, {"name": "parentSuite", "value": "tests"}, {"name": "suite", "value": "test_saucedemo"}, {"name": "host", "value": "Evgenij-MacBook-Air.local"}, {"name": "thread", "value": "39515-MainThread"}, {"name": "framework", "value": "pytest"}, {"name": "language", "value": "cpython3"}, {"name": "package", "value": "tests.test_saucedemo"}]}