{"name": "test_intentional_fail_for_screenshot", "status": "failed", "statusDetails": {"message": "AssertionError: Этот тест специально падает — смотрите скриншот и видео!\nassert False", "trace": "driver = <selenium.webdriver.chrome.webdriver.WebDriver (session=\"94e3c46885458dca041d4dff1954a31a\")>\n\n    @pytest.mark.flaky\n    def test_intentional_fail_for_screenshot(driver):\n        driver.get(BASE_URL)\n        LoginPage(driver).login(\"standard_user\", \"secret_sauce\")\n        InventoryPage(driver).is_page_opened()\n    \n>       assert False, \"Этот тест специально падает — смотрите скриншот и видео!\"\nE       AssertionError: Этот тест специально падает — смотрите скриншот и видео!\nE       assert False\n\ntests/test_saucedemo.py:54: AssertionError"}, "start": 1764778797335, "stop": 1764778798760, "uuid": "67fb9783-ba25-4bb1-b25f-fb91c5c52d92", "historyId": "94dcba852d1d961f53e59b72464558d2", "testCaseId": "94dcba852d1d961f53e59b72464558d2", "fullName": "tests.test_saucedemo#test_intentional_fail_for_screenshot", "labels": [{"name": "tag", "value": "flaky"}, {"name": "parentSuite", "value": "tests"}, {"name": "suite", "value": "test_saucedemo"}, {"name": "host", "value": "Evgenij-MacBook-Air.local"}, {"name": "thread", "value": "61410-MainThread"}, {"name": "framework", "value": "pytest"}, {"name": "language", "value": "cpython3"}, {"name": "package", "value": "tests.test_saucedemo"}]}