{"name": "test_intentional_fail_for_screenshot", "status": "failed", "statusDetails": {"message": "AssertionError: Этот тест специально падает — смотрите красивый скриншот и видео!\nassert False", "trace": "driver = <selenium.webdriver.chrome.webdriver.WebDriver (session=\"06192a306d7e0a3a89ff140b293da8ee\")>\n\n    @pytest.mark.flaky\n    def test_intentional_fail_for_screenshot(driver):\n        driver.get(BASE_URL)\n        LoginPage(driver).login(\"standard_user\", \"secret_sauce\")\n        InventoryPage(driver).is_page_opened()\n    \n        # Специально падаем — чтобы увидеть скриншот и видео в Allure\n>       assert False, \"Этот тест специально падает — смотрите красивый скриншот и видео!\"\nE       AssertionError: Этот тест специально падает — смотрите красивый скриншот и видео!\nE       assert False\n\ntests/test_saucedemo.py:55: AssertionError"}, "start": 1764705274721, "stop": 1764705275582, "uuid": "cd3d475f-67e2-4d31-804e-86f619f26b29", "historyId": "94dcba852d1d961f53e59b72464558d2", "testCaseId": "94dcba852d1d961f53e59b72464558d2", "fullName": "tests.test_saucedemo#test_intentional_fail_for_screenshot", "labels": [{"name": "tag", "value": "flaky"}, {"name": "parentSuite", "value": "tests"}, {"name": "suite", "value": "test_saucedemo"}, {"name": "host", "value": "Evgenij-MacBook-Air.local"}, {"name": "thread", "value": "39903-MainThread"}, {"name": "framework", "value": "pytest"}, {"name": "language", "value": "cpython3"}, {"name": "package", "value": "tests.test_saucedemo"}]}