{"name": "test_intentional_fail_for_screenshot", "status": "failed", "statusDetails": {"message": "AssertionError: Этот тест специально падает — смотрите красивый скриншот и видео!\nassert False", "trace": "driver = <selenium.webdriver.chrome.webdriver.WebDriver (session=\"d5fefd92d724df266b7179438cf05a0f\")>\n\n    @pytest.mark.flaky\n    def test_intentional_fail_for_screenshot(driver):\n        driver.get(BASE_URL)\n        LoginPage(driver).login(\"standard_user\", \"secret_sauce\")\n        InventoryPage(driver).is_page_opened()\n    \n        # Специально падаем — чтобы увидеть скриншот и видео в Allure\n>       assert False, \"Этот тест специально падает — смотрите красивый скриншот и видео!\"\nE       AssertionError: Этот тест специально падает — смотрите красивый скриншот и видео!\nE       assert False\n\ntests/test_saucedemo.py:55: AssertionError"}, "start": 1764769697051, "stop": 1764769697912, "uuid": "afa03e4c-b124-41b8-a9c8-2b7e8e3e1791", "historyId": "94dcba852d1d961f53e59b72464558d2", "testCaseId": "94dcba852d1d961f53e59b72464558d2", "fullName": "tests.test_saucedemo#test_intentional_fail_for_screenshot", "labels": [{"name": "tag", "value": "flaky"}, {"name": "parentSuite", "value": "tests"}, {"name": "suite", "value": "test_saucedemo"}, {"name": "host", "value": "Evgenij-MacBook-Air.local"}, {"name": "thread", "value": "47931-MainThread"}, {"name": "framework", "value": "pytest"}, {"name": "language", "value": "cpython3"}, {"name": "package", "value": "tests.test_saucedemo"}]}